Design Assistant report for Project
Fri Feb 22 18:45:09 2019
Quartus Prime Version 18.0.0 Build 614 04/24/2018 SJ Lite Edition


---------------------
; Table of Contents ;
---------------------
  1. Legal Notice
  2. Design Assistant Summary
  3. Design Assistant Settings
  4. Medium Violations
  5. Information only Violations
  6. Design Assistant Messages



----------------
; Legal Notice ;
----------------
Copyright (C) 2018  Intel Corporation. All rights reserved.
Your use of Intel Corporation's design tools, logic functions 
and other software and tools, and its AMPP partner logic 
functions, and any output files from any of the foregoing 
(including device programming or simulation files), and any 
associated documentation or information are expressly subject 
to the terms and conditions of the Intel Program License 
Subscription Agreement, the Intel Quartus Prime License Agreement,
the Intel FPGA IP License Agreement, or other applicable license
agreement, including, without limitation, that your use is for
the sole purpose of programming logic devices manufactured by
Intel and sold by Intel or its authorized distributors.  Please
refer to the applicable agreement for further details.



+-------------------------------------------------------------------------+
; Design Assistant Summary                                                ;
+-----------------------------------+-------------------------------------+
; Design Assistant Status           ; Analyzed - Fri Feb 22 18:45:09 2019 ;
; Revision Name                     ; Project                             ;
; Top-level Entity Name             ; Project                             ;
; Family                            ; Cyclone V                           ;
; Total Critical Violations         ; 0                                   ;
; Total High Violations             ; 0                                   ;
; Total Medium Violations           ; 1                                   ;
; - Rule C106                       ; 1                                   ;
; Total Information only Violations ; 178                                 ;
; - Rule T101                       ; 128                                 ;
; - Rule T102                       ; 50                                  ;
+-----------------------------------+-------------------------------------+


+------------------------------------------------------------------------------------------------------------------------------------------------------------------------------------------+
; Design Assistant Settings                                                                                                                                                                ;
+----------------------------------------------------------------------------------------------------------------------------------------------------------------------+--------------+----+
; Option                                                                                                                                                               ; Setting      ; To ;
+----------------------------------------------------------------------------------------------------------------------------------------------------------------------+--------------+----+
; Design Assistant mode                                                                                                                                                ; Post-Fitting ;    ;
; Threshold value for clock net not mapped to clock spines rule                                                                                                        ; 25           ;    ;
; Minimum number of clock port feed by gated clocks                                                                                                                    ; 30           ;    ;
; Minimum number of node fan-out                                                                                                                                       ; 30           ;    ;
; Maximum number of nodes to report                                                                                                                                    ; 50           ;    ;
; Rule C101: Gated clock should be implemented according to the Intel FPGA standard scheme                                                                             ; On           ;    ;
; Rule C102: Logic cell should not be used to generate an inverted clock signal                                                                                        ; On           ;    ;
; Rule C103: Gated clock does not feed at least a pre-defined number of clock ports to effectively save power                                                          ; On           ;    ;
; Rule C104: Clock signal source should drive only clock input ports                                                                                                   ; On           ;    ;
; Rule C105: Clock signal should be a global signal                                                                                                                    ; On           ;    ;
; Rule C106: Clock signal source should not drive registers triggered by different clock edges                                                                         ; On           ;    ;
; Rule R101: Combinational logic used as a reset signal should be synchronized                                                                                         ; On           ;    ;
; Rule R102: External reset signals should be synchronized using two cascaded registers                                                                                ; On           ;    ;
; Rule R103: External reset signal should be correctly synchronized                                                                                                    ; On           ;    ;
; Rule R104: The reset signal that is generated in one clock domain and used in another clock domain should be correctly synchronized                                  ; On           ;    ;
; Rule R105: The reset signal that is generated in one clock domain and used in another clock domain should be synchronized                                            ; On           ;    ;
; Rule T101: Nodes with more than the specified number of fan-outs                                                                                                     ; On           ;    ;
; Rule T102: Top nodes with the highest number of fan-outs                                                                                                             ; On           ;    ;
; Rule A101: Design should not contain combinational loops                                                                                                             ; On           ;    ;
; Rule A102: Register output should not drive its own control signal directly or through combinational logic                                                           ; On           ;    ;
; Rule A103: Design should not contain delay chains                                                                                                                    ; On           ;    ;
; Rule A104: Design should not contain ripple clock structures                                                                                                         ; On           ;    ;
; Rule A105: Pulses should not be implemented asynchronously                                                                                                           ; On           ;    ;
; Rule A106: Multiple pulses should not be generated in design                                                                                                         ; On           ;    ;
; Rule A107: Design should not contain SR latches                                                                                                                      ; On           ;    ;
; Rule A108: Design should not contain latches                                                                                                                         ; On           ;    ;
; Rule S101: Output enable and input of the same tri-state node should not be driven by same signal source                                                             ; On           ;    ;
; Rule S102: Synchronous port and asynchronous port of the same register should not be driven by the same signal source                                                ; On           ;    ;
; Rule S103: More than one asynchronous port of a register should not be driven by the same signal source                                                              ; On           ;    ;
; Rule S104: Clock port and any other port of a register should not be driven by the same signal source                                                                ; On           ;    ;
; Rule D101: Data bits are not synchronized when transferred between asynchronous clock domains                                                                        ; On           ;    ;
; Rule D102: Multiple data bits that are transferred across asynchronous clock domains are synchronized, but not all bits may be aligned in the receiving clock domain ; On           ;    ;
; Rule D103: Data bits are not correctly synchronized when transferred between asynchronous clock domains                                                              ; On           ;    ;
+----------------------------------------------------------------------------------------------------------------------------------------------------------------------+--------------+----+


+--------------------------------------------------------------------------------------------------------------------------------------------------------------------------------------------+
; Medium Violations                                                                                                                                                                          ;
+----------------------------------------------------------------------------------------------+---------------------------------------------------------------------------------------------+
; Rule name                                                                                    ; Name                                                                                        ;
+----------------------------------------------------------------------------------------------+---------------------------------------------------------------------------------------------+
; Rule C106: Clock signal source should not drive registers triggered by different clock edges ; Pll:myPll|Pll_0002:pll_inst|altera_pll:altera_pll_i|general[0].gpll~FRACTIONAL_PLL_O_VCOPH0 ;
;  Positive edge destination node(s) list                                                      ; regval1_ID[31]                                                                              ;
;  Positive edge destination node(s) list                                                      ; regval2_ID[31]                                                                              ;
;  Positive edge destination node(s) list                                                      ; regval1_ID[31]~DUPLICATE                                                                    ;
;  Positive edge destination node(s) list                                                      ; regval2_ID[21]                                                                              ;
;  Positive edge destination node(s) list                                                      ; regval1_ID[21]                                                                              ;
;  Positive edge destination node(s) list                                                      ; regval1_ID[8]~DUPLICATE                                                                     ;
;  Positive edge destination node(s) list                                                      ; regval2_ID[8]                                                                               ;
;  Positive edge destination node(s) list                                                      ; regval1_ID[8]                                                                               ;
;  Positive edge destination node(s) list                                                      ; regval1_ID[4]                                                                               ;
;  Positive edge destination node(s) list                                                      ; regval1_ID[4]~DUPLICATE                                                                     ;
;  Negative edge destination node(s) list                                                      ; regs[15][31]                                                                                ;
;  Negative edge destination node(s) list                                                      ; regs[2][21]                                                                                 ;
;  Negative edge destination node(s) list                                                      ; regs[7][8]                                                                                  ;
;  Negative edge destination node(s) list                                                      ; regs[8][4]                                                                                  ;
;  Negative edge destination node(s) list                                                      ; regs[8][13]                                                                                 ;
;  Negative edge destination node(s) list                                                      ; regs[9][13]~DUPLICATE                                                                       ;
;  Negative edge destination node(s) list                                                      ; regs[5][13]                                                                                 ;
;  Negative edge destination node(s) list                                                      ; regs[1][13]                                                                                 ;
;  Negative edge destination node(s) list                                                      ; regs[11][13]                                                                                ;
;  Negative edge destination node(s) list                                                      ; regs[2][13]                                                                                 ;
+----------------------------------------------------------------------------------------------+---------------------------------------------------------------------------------------------+


+-----------------------------------------------------------------------------------------------------------------------------------------------------------------+
; Information only Violations                                                                                                                                     ;
+------------------------------------------------------------------+------------------------------------------------------------------------------------+---------+
; Rule name                                                        ; Name                                                                               ; Fan-Out ;
+------------------------------------------------------------------+------------------------------------------------------------------------------------+---------+
; Rule T101: Nodes with more than the specified number of fan-outs ; Pll:myPll|Pll_0002:pll_inst|altera_pll:altera_pll_i|outclk_wire[0]~CLKENA0         ; 1336    ;
; Rule T101: Nodes with more than the specified number of fan-outs ; Decoder2~15                                                                        ; 39      ;
; Rule T101: Nodes with more than the specified number of fan-outs ; stall_pipe~9                                                                       ; 213     ;
; Rule T101: Nodes with more than the specified number of fan-outs ; inst_FE[1]~DUPLICATE                                                               ; 84      ;
; Rule T101: Nodes with more than the specified number of fan-outs ; pcgood_EX_w~1                                                                      ; 36      ;
; Rule T101: Nodes with more than the specified number of fan-outs ; Decoder2~8                                                                         ; 35      ;
; Rule T101: Nodes with more than the specified number of fan-outs ; PC_FE[3]                                                                           ; 78      ;
; Rule T101: Nodes with more than the specified number of fan-outs ; PC_FE~1                                                                            ; 36      ;
; Rule T101: Nodes with more than the specified number of fan-outs ; jump_stall                                                                         ; 33      ;
; Rule T101: Nodes with more than the specified number of fan-outs ; ctrlsig_ID[3]                                                                      ; 143     ;
; Rule T101: Nodes with more than the specified number of fan-outs ; PC_FE[9]~DUPLICATE                                                                 ; 57      ;
; Rule T101: Nodes with more than the specified number of fan-outs ; Decoder2~13                                                                        ; 43      ;
; Rule T101: Nodes with more than the specified number of fan-outs ; PC_FE[5]                                                                           ; 73      ;
; Rule T101: Nodes with more than the specified number of fan-outs ; PC_FE[4]~DUPLICATE                                                                 ; 74      ;
; Rule T101: Nodes with more than the specified number of fan-outs ; Decoder2~2                                                                         ; 35      ;
; Rule T101: Nodes with more than the specified number of fan-outs ; inst_FE[0]~DUPLICATE                                                               ; 79      ;
; Rule T101: Nodes with more than the specified number of fan-outs ; Selector0~0                                                                        ; 60      ;
; Rule T101: Nodes with more than the specified number of fan-outs ; altsyncram:dmem_rtl_0|altsyncram_0mn1:auto_generated|decode_5la:decode2|eq_node[1] ; 64      ;
; Rule T101: Nodes with more than the specified number of fan-outs ; aluout_EX~33                                                                       ; 68      ;
; Rule T101: Nodes with more than the specified number of fan-outs ; altsyncram:dmem_rtl_0|altsyncram_0mn1:auto_generated|decode_5la:decode2|eq_node[0] ; 64      ;
; Rule T101: Nodes with more than the specified number of fan-outs ; PC_FE[6]                                                                           ; 75      ;
; Rule T101: Nodes with more than the specified number of fan-outs ; PC_FE[2]                                                                           ; 80      ;
; Rule T101: Nodes with more than the specified number of fan-outs ; pcgood_EX_w~0                                                                      ; 63      ;
; Rule T101: Nodes with more than the specified number of fan-outs ; stall_pipe~13                                                                      ; 31      ;
; Rule T101: Nodes with more than the specified number of fan-outs ; inst_FE[7]                                                                         ; 84      ;
; Rule T101: Nodes with more than the specified number of fan-outs ; inst_FE[5]~DUPLICATE                                                               ; 81      ;
; Rule T101: Nodes with more than the specified number of fan-outs ; inst_FE[4]~DUPLICATE                                                               ; 83      ;
; Rule T101: Nodes with more than the specified number of fan-outs ; inst_FE[6]~DUPLICATE                                                               ; 72      ;
; Rule T101: Nodes with more than the specified number of fan-outs ; stall_pipe~8                                                                       ; 32      ;
; Rule T101: Nodes with more than the specified number of fan-outs ; stall_pipe~12                                                                      ; 31      ;
; Rule T101: Nodes with more than the specified number of fan-outs ; inst_FE[3]                                                                         ; 85      ;
; Rule T101: Nodes with more than the specified number of fan-outs ; inst_FE[2]~DUPLICATE                                                               ; 83      ;
; Rule T101: Nodes with more than the specified number of fan-outs ; Decoder2~9                                                                         ; 39      ;
; Rule T101: Nodes with more than the specified number of fan-outs ; Decoder2~10                                                                        ; 44      ;
; Rule T101: Nodes with more than the specified number of fan-outs ; Decoder2~11                                                                        ; 41      ;
; Rule T101: Nodes with more than the specified number of fan-outs ; Decoder2~14                                                                        ; 40      ;
; Rule T101: Nodes with more than the specified number of fan-outs ; Decoder2~12                                                                        ; 38      ;
; Rule T101: Nodes with more than the specified number of fan-outs ; ctrlsig_EX[2]                                                                      ; 36      ;
; Rule T101: Nodes with more than the specified number of fan-outs ; aluout_EX[13]~DUPLICATE                                                            ; 68      ;
; Rule T101: Nodes with more than the specified number of fan-outs ; aluout_EX~38                                                                       ; 66      ;
; Rule T101: Nodes with more than the specified number of fan-outs ; immval_ID[13]                                                                      ; 70      ;
; Rule T101: Nodes with more than the specified number of fan-outs ; aluout_EX[4]                                                                       ; 67      ;
; Rule T101: Nodes with more than the specified number of fan-outs ; aluout_EX~24                                                                       ; 66      ;
; Rule T101: Nodes with more than the specified number of fan-outs ; regval2_ID[4]                                                                      ; 66      ;
; Rule T101: Nodes with more than the specified number of fan-outs ; aluout_EX[3]                                                                       ; 67      ;
; Rule T101: Nodes with more than the specified number of fan-outs ; aluout_EX~29                                                                       ; 66      ;
; Rule T101: Nodes with more than the specified number of fan-outs ; aluout_EX[9]                                                                       ; 67      ;
; Rule T101: Nodes with more than the specified number of fan-outs ; aluout_EX~7                                                                        ; 66      ;
; Rule T101: Nodes with more than the specified number of fan-outs ; aluout_EX[6]                                                                       ; 67      ;
; Rule T101: Nodes with more than the specified number of fan-outs ; aluout_EX~14                                                                       ; 66      ;
; Rule T101: Nodes with more than the specified number of fan-outs ; aluout_EX[12]                                                                      ; 68      ;
; Rule T101: Nodes with more than the specified number of fan-outs ; aluout_EX~41                                                                       ; 66      ;
; Rule T101: Nodes with more than the specified number of fan-outs ; Equal16~0                                                                          ; 38      ;
; Rule T101: Nodes with more than the specified number of fan-outs ; always4~0                                                                          ; 50      ;
; Rule T101: Nodes with more than the specified number of fan-outs ; aluout_EX_r[15]~22                                                                 ; 38      ;
; Rule T101: Nodes with more than the specified number of fan-outs ; immval_ID[15]~DUPLICATE                                                            ; 61      ;
; Rule T101: Nodes with more than the specified number of fan-outs ; immval_ID[12]                                                                      ; 48      ;
; Rule T101: Nodes with more than the specified number of fan-outs ; immval_ID[10]                                                                      ; 66      ;
; Rule T101: Nodes with more than the specified number of fan-outs ; Decoder2~5                                                                         ; 40      ;
; Rule T101: Nodes with more than the specified number of fan-outs ; Decoder2~7                                                                         ; 38      ;
; Rule T101: Nodes with more than the specified number of fan-outs ; Decoder2~6                                                                         ; 34      ;
; Rule T101: Nodes with more than the specified number of fan-outs ; Decoder2~4                                                                         ; 37      ;
; Rule T101: Nodes with more than the specified number of fan-outs ; Decoder2~1                                                                         ; 41      ;
; Rule T101: Nodes with more than the specified number of fan-outs ; Decoder2~3                                                                         ; 39      ;
; Rule T101: Nodes with more than the specified number of fan-outs ; Decoder2~0                                                                         ; 44      ;
; Rule T101: Nodes with more than the specified number of fan-outs ; Equal20~0                                                                          ; 32      ;
; Rule T101: Nodes with more than the specified number of fan-outs ; aluout_EX_r[15]~0                                                                  ; 31      ;
; Rule T101: Nodes with more than the specified number of fan-outs ; Equal21~0                                                                          ; 32      ;
; Rule T101: Nodes with more than the specified number of fan-outs ; aluout_EX[14]                                                                      ; 68      ;
; Rule T101: Nodes with more than the specified number of fan-outs ; aluout_EX~34                                                                       ; 66      ;
; Rule T101: Nodes with more than the specified number of fan-outs ; aluout_EX[10]                                                                      ; 67      ;
; Rule T101: Nodes with more than the specified number of fan-outs ; aluout_EX~26                                                                       ; 66      ;
; Rule T101: Nodes with more than the specified number of fan-outs ; Equal23~9                                                                          ; 32      ;
; Rule T101: Nodes with more than the specified number of fan-outs ; altsyncram:dmem_rtl_0|altsyncram_0mn1:auto_generated|address_reg_b[0]              ; 32      ;
; Rule T101: Nodes with more than the specified number of fan-outs ; dmem~76                                                                            ; 32      ;
; Rule T101: Nodes with more than the specified number of fan-outs ; aluout_EX[8]                                                                       ; 67      ;
; Rule T101: Nodes with more than the specified number of fan-outs ; aluout_EX~10                                                                       ; 66      ;
; Rule T101: Nodes with more than the specified number of fan-outs ; aluout_EX[2]                                                                       ; 67      ;
; Rule T101: Nodes with more than the specified number of fan-outs ; aluout_EX~32                                                                       ; 66      ;
; Rule T101: Nodes with more than the specified number of fan-outs ; aluout_EX[7]                                                                       ; 69      ;
; Rule T101: Nodes with more than the specified number of fan-outs ; aluout_EX~6                                                                        ; 66      ;
; Rule T101: Nodes with more than the specified number of fan-outs ; aluout_EX[11]                                                                      ; 67      ;
; Rule T101: Nodes with more than the specified number of fan-outs ; aluout_EX~25                                                                       ; 66      ;
; Rule T101: Nodes with more than the specified number of fan-outs ; regval2_EX[11]                                                                     ; 41      ;
; Rule T101: Nodes with more than the specified number of fan-outs ; aluout_EX[5]                                                                       ; 70      ;
; Rule T101: Nodes with more than the specified number of fan-outs ; aluout_EX~1                                                                        ; 66      ;
; Rule T101: Nodes with more than the specified number of fan-outs ; regval2_ID[1]~DUPLICATE                                                            ; 38      ;
; Rule T101: Nodes with more than the specified number of fan-outs ; Equal24~3                                                                          ; 32      ;
; Rule T101: Nodes with more than the specified number of fan-outs ; regval2_EX[17]                                                                     ; 41      ;
; Rule T101: Nodes with more than the specified number of fan-outs ; dmem~0                                                                             ; 32      ;
; Rule T101: Nodes with more than the specified number of fan-outs ; regval2_EX[16]                                                                     ; 41      ;
; Rule T101: Nodes with more than the specified number of fan-outs ; Selector17~0                                                                       ; 31      ;
; Rule T101: Nodes with more than the specified number of fan-outs ; regval2_EX[8]                                                                      ; 42      ;
; Rule T101: Nodes with more than the specified number of fan-outs ; regval2_EX[0]                                                                      ; 42      ;
; Rule T101: Nodes with more than the specified number of fan-outs ; regval2_ID[0]                                                                      ; 63      ;
; Rule T101: Nodes with more than the specified number of fan-outs ; regval2_EX[30]                                                                     ; 34      ;
; Rule T101: Nodes with more than the specified number of fan-outs ; ShiftRight0~6                                                                      ; 50      ;
; Rule T101: Nodes with more than the specified number of fan-outs ; regval2_EX[23]                                                                     ; 41      ;
; Rule T101: Nodes with more than the specified number of fan-outs ; regval2_EX[22]                                                                     ; 41      ;
; Rule T101: Nodes with more than the specified number of fan-outs ; regval2_EX[21]                                                                     ; 41      ;
; Rule T101: Nodes with more than the specified number of fan-outs ; regval2_EX[20]                                                                     ; 41      ;
; Rule T101: Nodes with more than the specified number of fan-outs ; regval2_ID[2]                                                                      ; 54      ;
; Rule T101: Nodes with more than the specified number of fan-outs ; regval2_ID[1]                                                                      ; 33      ;
; Rule T101: Nodes with more than the specified number of fan-outs ; regval2_ID[3]                                                                      ; 60      ;
; Rule T101: Nodes with more than the specified number of fan-outs ; regval1_ID[31]~DUPLICATE                                                           ; 55      ;
; Rule T101: Nodes with more than the specified number of fan-outs ; regval2_EX[31]                                                                     ; 34      ;
; Rule T101: Nodes with more than the specified number of fan-outs ; regval2_EX[27]                                                                     ; 34      ;
; Rule T101: Nodes with more than the specified number of fan-outs ; regval2_EX[24]                                                                     ; 34      ;
; Rule T101: Nodes with more than the specified number of fan-outs ; regval2_EX[19]                                                                     ; 41      ;
; Rule T101: Nodes with more than the specified number of fan-outs ; regval2_EX[18]                                                                     ; 41      ;
; Rule T101: Nodes with more than the specified number of fan-outs ; regval2_EX[29]                                                                     ; 34      ;
; Rule T101: Nodes with more than the specified number of fan-outs ; regval2_EX[25]                                                                     ; 34      ;
; Rule T101: Nodes with more than the specified number of fan-outs ; regval2_EX[1]                                                                      ; 42      ;
; Rule T101: Nodes with more than the specified number of fan-outs ; regval2_EX[5]                                                                      ; 42      ;
; Rule T101: Nodes with more than the specified number of fan-outs ; regval2_EX[2]                                                                      ; 42      ;
; Rule T101: Nodes with more than the specified number of fan-outs ; regval2_EX[7]                                                                      ; 42      ;
; Rule T101: Nodes with more than the specified number of fan-outs ; regval2_EX[26]                                                                     ; 34      ;
; Rule T101: Nodes with more than the specified number of fan-outs ; regval2_EX[10]                                                                     ; 41      ;
; Rule T101: Nodes with more than the specified number of fan-outs ; regval2_EX[14]                                                                     ; 41      ;
; Rule T101: Nodes with more than the specified number of fan-outs ; regval2_EX[28]                                                                     ; 34      ;
; Rule T101: Nodes with more than the specified number of fan-outs ; regval2_EX[6]                                                                      ; 42      ;
; Rule T101: Nodes with more than the specified number of fan-outs ; regval2_EX[9]                                                                      ; 42      ;
; Rule T101: Nodes with more than the specified number of fan-outs ; regval2_EX[3]                                                                      ; 42      ;
; Rule T101: Nodes with more than the specified number of fan-outs ; regval2_EX[4]                                                                      ; 42      ;
; Rule T101: Nodes with more than the specified number of fan-outs ; regval2_EX[12]                                                                     ; 41      ;
; Rule T101: Nodes with more than the specified number of fan-outs ; regval2_EX[15]                                                                     ; 41      ;
; Rule T101: Nodes with more than the specified number of fan-outs ; regval2_EX[13]                                                                     ; 41      ;
; Rule T101: Nodes with more than the specified number of fan-outs ; always9~0                                                                          ; 42      ;
; Rule T102: Top nodes with the highest number of fan-outs         ; Pll:myPll|Pll_0002:pll_inst|altera_pll:altera_pll_i|outclk_wire[0]~CLKENA0         ; 1336    ;
; Rule T102: Top nodes with the highest number of fan-outs         ; stall_pipe~9                                                                       ; 213     ;
; Rule T102: Top nodes with the highest number of fan-outs         ; ctrlsig_ID[3]                                                                      ; 143     ;
; Rule T102: Top nodes with the highest number of fan-outs         ; inst_FE[3]                                                                         ; 85      ;
; Rule T102: Top nodes with the highest number of fan-outs         ; inst_FE[1]~DUPLICATE                                                               ; 84      ;
; Rule T102: Top nodes with the highest number of fan-outs         ; inst_FE[7]                                                                         ; 84      ;
; Rule T102: Top nodes with the highest number of fan-outs         ; inst_FE[4]~DUPLICATE                                                               ; 83      ;
; Rule T102: Top nodes with the highest number of fan-outs         ; inst_FE[2]~DUPLICATE                                                               ; 83      ;
; Rule T102: Top nodes with the highest number of fan-outs         ; inst_FE[5]~DUPLICATE                                                               ; 81      ;
; Rule T102: Top nodes with the highest number of fan-outs         ; PC_FE[2]                                                                           ; 80      ;
; Rule T102: Top nodes with the highest number of fan-outs         ; inst_FE[0]~DUPLICATE                                                               ; 79      ;
; Rule T102: Top nodes with the highest number of fan-outs         ; PC_FE[3]                                                                           ; 78      ;
; Rule T102: Top nodes with the highest number of fan-outs         ; PC_FE[6]                                                                           ; 75      ;
; Rule T102: Top nodes with the highest number of fan-outs         ; PC_FE[4]~DUPLICATE                                                                 ; 74      ;
; Rule T102: Top nodes with the highest number of fan-outs         ; PC_FE[5]                                                                           ; 73      ;
; Rule T102: Top nodes with the highest number of fan-outs         ; inst_FE[6]~DUPLICATE                                                               ; 72      ;
; Rule T102: Top nodes with the highest number of fan-outs         ; aluout_EX[5]                                                                       ; 70      ;
; Rule T102: Top nodes with the highest number of fan-outs         ; immval_ID[13]                                                                      ; 70      ;
; Rule T102: Top nodes with the highest number of fan-outs         ; aluout_EX[7]                                                                       ; 69      ;
; Rule T102: Top nodes with the highest number of fan-outs         ; aluout_EX[13]~DUPLICATE                                                            ; 68      ;
; Rule T102: Top nodes with the highest number of fan-outs         ; aluout_EX~33                                                                       ; 68      ;
; Rule T102: Top nodes with the highest number of fan-outs         ; aluout_EX[14]                                                                      ; 68      ;
; Rule T102: Top nodes with the highest number of fan-outs         ; aluout_EX[12]                                                                      ; 68      ;
; Rule T102: Top nodes with the highest number of fan-outs         ; aluout_EX[10]                                                                      ; 67      ;
; Rule T102: Top nodes with the highest number of fan-outs         ; aluout_EX[11]                                                                      ; 67      ;
; Rule T102: Top nodes with the highest number of fan-outs         ; aluout_EX[6]                                                                       ; 67      ;
; Rule T102: Top nodes with the highest number of fan-outs         ; aluout_EX[3]                                                                       ; 67      ;
; Rule T102: Top nodes with the highest number of fan-outs         ; aluout_EX[9]                                                                       ; 67      ;
; Rule T102: Top nodes with the highest number of fan-outs         ; aluout_EX[8]                                                                       ; 67      ;
; Rule T102: Top nodes with the highest number of fan-outs         ; aluout_EX[4]                                                                       ; 67      ;
; Rule T102: Top nodes with the highest number of fan-outs         ; aluout_EX[2]                                                                       ; 67      ;
; Rule T102: Top nodes with the highest number of fan-outs         ; aluout_EX~7                                                                        ; 66      ;
; Rule T102: Top nodes with the highest number of fan-outs         ; aluout_EX~41                                                                       ; 66      ;
; Rule T102: Top nodes with the highest number of fan-outs         ; aluout_EX~6                                                                        ; 66      ;
; Rule T102: Top nodes with the highest number of fan-outs         ; aluout_EX~14                                                                       ; 66      ;
; Rule T102: Top nodes with the highest number of fan-outs         ; regval2_ID[4]                                                                      ; 66      ;
; Rule T102: Top nodes with the highest number of fan-outs         ; aluout_EX~25                                                                       ; 66      ;
; Rule T102: Top nodes with the highest number of fan-outs         ; aluout_EX~1                                                                        ; 66      ;
; Rule T102: Top nodes with the highest number of fan-outs         ; immval_ID[10]                                                                      ; 66      ;
; Rule T102: Top nodes with the highest number of fan-outs         ; aluout_EX~34                                                                       ; 66      ;
; Rule T102: Top nodes with the highest number of fan-outs         ; aluout_EX~38                                                                       ; 66      ;
; Rule T102: Top nodes with the highest number of fan-outs         ; aluout_EX~29                                                                       ; 66      ;
; Rule T102: Top nodes with the highest number of fan-outs         ; aluout_EX~10                                                                       ; 66      ;
; Rule T102: Top nodes with the highest number of fan-outs         ; aluout_EX~26                                                                       ; 66      ;
; Rule T102: Top nodes with the highest number of fan-outs         ; aluout_EX~24                                                                       ; 66      ;
; Rule T102: Top nodes with the highest number of fan-outs         ; aluout_EX~32                                                                       ; 66      ;
; Rule T102: Top nodes with the highest number of fan-outs         ; altsyncram:dmem_rtl_0|altsyncram_0mn1:auto_generated|decode_5la:decode2|eq_node[1] ; 64      ;
; Rule T102: Top nodes with the highest number of fan-outs         ; altsyncram:dmem_rtl_0|altsyncram_0mn1:auto_generated|decode_5la:decode2|eq_node[0] ; 64      ;
; Rule T102: Top nodes with the highest number of fan-outs         ; regval2_ID[0]                                                                      ; 63      ;
; Rule T102: Top nodes with the highest number of fan-outs         ; pcgood_EX_w~0                                                                      ; 63      ;
+------------------------------------------------------------------+------------------------------------------------------------------------------------+---------+


+---------------------------+
; Design Assistant Messages ;
+---------------------------+
Info: *******************************************************************
Info: Running Quartus Prime Design Assistant
    Info: Version 18.0.0 Build 614 04/24/2018 SJ Lite Edition
    Info: Processing started: Fri Feb 22 18:45:06 2019
Info: Command: quartus_drc Project -c Project
Warning (18236): Number of processors has not been specified which may cause overloading on shared machines.  Set the global assignment NUM_PARALLEL_PROCESSORS in your QSF to an appropriate value for best performance.
Info (332104): Reading SDC File: 'Project.sdc'
Info (332110): Deriving PLL clocks
    Info (332110): create_generated_clock -source {myPll|pll_inst|altera_pll_i|general[0].gpll~FRACTIONAL_PLL|refclkin} -divide_by 2 -multiply_by 12 -duty_cycle 50.00 -name {myPll|pll_inst|altera_pll_i|general[0].gpll~FRACTIONAL_PLL|vcoph[0]} {myPll|pll_inst|altera_pll_i|general[0].gpll~FRACTIONAL_PLL|vcoph[0]}
    Info (332110): create_generated_clock -source {myPll|pll_inst|altera_pll_i|general[0].gpll~PLL_OUTPUT_COUNTER|vco0ph[0]} -divide_by 6 -duty_cycle 50.00 -name {myPll|pll_inst|altera_pll_i|general[0].gpll~PLL_OUTPUT_COUNTER|divclk} {myPll|pll_inst|altera_pll_i|general[0].gpll~PLL_OUTPUT_COUNTER|divclk}
Info (332151): Clock uncertainty is not calculated until you update the timing netlist.
Info (332097): The following timing edges are non-unate.  The Timing Analyzer will assume pos-unate behavior for these edges in the clock network.
    Info (332098): Cell: myPll|pll_inst|altera_pll_i|general[0].gpll~FRACTIONAL_PLL  from: refclkin  to: fbclk
    Info (332098): Cell: myPll|pll_inst|altera_pll_i|general[0].gpll~PLL_OUTPUT_COUNTER  from: vco0ph[0]  to: divclk
    Info (332098): Cell: myPll|pll_inst|altera_pll_i|general[0].gpll~PLL_REFCLK_SELECT  from: clkin[0]  to: clkout
Info (332123): Deriving Clock Uncertainty. Please refer to report_sdc in the Timing Analyzer to see clock uncertainties.
Warning (308022): (Medium) Rule C106: Clock signal source should not drive registers triggered by different clock edges. Found 1 node(s) related to this rule.
    Warning (308010): Node  "Pll:myPll|Pll_0002:pll_inst|altera_pll:altera_pll_i|general[0].gpll~FRACTIONAL_PLL_O_VCOPH0" File: c:/intelfpga_lite/18.0/quartus/libraries/megafunctions/altera_pll.v Line: 748
Info (308046): (Information) Rule T101: Nodes with more than the specified number of fan-outs. (Value defined:30). Found 128 node(s) with highest fan-out.
    Info (308011): Node  "Pll:myPll|Pll_0002:pll_inst|altera_pll:altera_pll_i|outclk_wire[0]~CLKENA0" File: c:/intelfpga_lite/18.0/quartus/libraries/megafunctions/altera_pll.v Line: 413
    Info (308011): Node  "Decoder2~15" File: C:/Users/acond/Documents/CS3220/VerilogPipeline/Project.v Line: 484
    Info (308011): Node  "stall_pipe~9" File: C:/Users/acond/Documents/CS3220/VerilogPipeline/Project.v Line: 98
    Info (308011): Node  "inst_FE[1]~DUPLICATE" File: C:/Users/acond/Documents/CS3220/VerilogPipeline/Project.v Line: 167
    Info (308011): Node  "pcgood_EX_w~1" File: C:/Users/acond/Documents/CS3220/VerilogPipeline/Project.v Line: 101
    Info (308011): Node  "Decoder2~8" File: C:/Users/acond/Documents/CS3220/VerilogPipeline/Project.v Line: 484
    Info (308011): Node  "PC_FE[3]" File: C:/Users/acond/Documents/CS3220/VerilogPipeline/Project.v Line: 131
    Info (308011): Node  "PC_FE~1" File: C:/Users/acond/Documents/CS3220/VerilogPipeline/Project.v Line: 104
    Info (308011): Node  "jump_stall" File: C:/Users/acond/Documents/CS3220/VerilogPipeline/Project.v Line: 100
    Info (308011): Node  "ctrlsig_ID[3]" File: C:/Users/acond/Documents/CS3220/VerilogPipeline/Project.v Line: 221
    Info (308011): Node  "PC_FE[9]~DUPLICATE" File: C:/Users/acond/Documents/CS3220/VerilogPipeline/Project.v Line: 131
    Info (308011): Node  "Decoder2~13" File: C:/Users/acond/Documents/CS3220/VerilogPipeline/Project.v Line: 484
    Info (308011): Node  "PC_FE[5]" File: C:/Users/acond/Documents/CS3220/VerilogPipeline/Project.v Line: 131
    Info (308011): Node  "PC_FE[4]~DUPLICATE" File: C:/Users/acond/Documents/CS3220/VerilogPipeline/Project.v Line: 131
    Info (308011): Node  "Decoder2~2" File: C:/Users/acond/Documents/CS3220/VerilogPipeline/Project.v Line: 484
    Info (308011): Node  "inst_FE[0]~DUPLICATE" File: C:/Users/acond/Documents/CS3220/VerilogPipeline/Project.v Line: 167
    Info (308011): Node  "Selector0~0" File: C:/Users/acond/Documents/CS3220/VerilogPipeline/Project.v Line: 328
    Info (308011): Node  "altsyncram:dmem_rtl_0|altsyncram_0mn1:auto_generated|decode_5la:decode2|eq_node[1]" File: C:/Users/acond/Documents/CS3220/VerilogPipeline/db/decode_5la.tdf Line: 29
    Info (308011): Node  "aluout_EX~33" File: C:/Users/acond/Documents/CS3220/VerilogPipeline/Project.v Line: 323
    Info (308011): Node  "altsyncram:dmem_rtl_0|altsyncram_0mn1:auto_generated|decode_5la:decode2|eq_node[0]" File: C:/Users/acond/Documents/CS3220/VerilogPipeline/db/decode_5la.tdf Line: 29
    Info (308011): Node  "PC_FE[6]" File: C:/Users/acond/Documents/CS3220/VerilogPipeline/Project.v Line: 131
    Info (308011): Node  "PC_FE[2]" File: C:/Users/acond/Documents/CS3220/VerilogPipeline/Project.v Line: 131
    Info (308011): Node  "pcgood_EX_w~0" File: C:/Users/acond/Documents/CS3220/VerilogPipeline/Project.v Line: 101
    Info (308011): Node  "stall_pipe~13" File: C:/Users/acond/Documents/CS3220/VerilogPipeline/Project.v Line: 98
    Info (308011): Node  "inst_FE[7]" File: C:/Users/acond/Documents/CS3220/VerilogPipeline/Project.v Line: 167
    Info (308011): Node  "inst_FE[5]~DUPLICATE" File: C:/Users/acond/Documents/CS3220/VerilogPipeline/Project.v Line: 167
    Info (308011): Node  "inst_FE[4]~DUPLICATE" File: C:/Users/acond/Documents/CS3220/VerilogPipeline/Project.v Line: 167
    Info (308011): Node  "inst_FE[6]~DUPLICATE" File: C:/Users/acond/Documents/CS3220/VerilogPipeline/Project.v Line: 167
    Info (308011): Node  "stall_pipe~8" File: C:/Users/acond/Documents/CS3220/VerilogPipeline/Project.v Line: 98
    Info (308011): Node  "stall_pipe~12" File: C:/Users/acond/Documents/CS3220/VerilogPipeline/Project.v Line: 98
    Info (308002): Truncated list of Design Assistant messages to 30 messages. Go to sections under Design Assistant section of Compilation Report for complete lists of Design Assistant messages generated.
Info (308044): (Information) Rule T102: Top nodes with the highest number of fan-outs. (Value defined:50). Found 50 node(s) with highest fan-out.
    Info (308011): Node  "Pll:myPll|Pll_0002:pll_inst|altera_pll:altera_pll_i|outclk_wire[0]~CLKENA0" File: c:/intelfpga_lite/18.0/quartus/libraries/megafunctions/altera_pll.v Line: 413
    Info (308011): Node  "stall_pipe~9" File: C:/Users/acond/Documents/CS3220/VerilogPipeline/Project.v Line: 98
    Info (308011): Node  "ctrlsig_ID[3]" File: C:/Users/acond/Documents/CS3220/VerilogPipeline/Project.v Line: 221
    Info (308011): Node  "inst_FE[3]" File: C:/Users/acond/Documents/CS3220/VerilogPipeline/Project.v Line: 167
    Info (308011): Node  "inst_FE[1]~DUPLICATE" File: C:/Users/acond/Documents/CS3220/VerilogPipeline/Project.v Line: 167
    Info (308011): Node  "inst_FE[7]" File: C:/Users/acond/Documents/CS3220/VerilogPipeline/Project.v Line: 167
    Info (308011): Node  "inst_FE[4]~DUPLICATE" File: C:/Users/acond/Documents/CS3220/VerilogPipeline/Project.v Line: 167
    Info (308011): Node  "inst_FE[2]~DUPLICATE" File: C:/Users/acond/Documents/CS3220/VerilogPipeline/Project.v Line: 167
    Info (308011): Node  "inst_FE[5]~DUPLICATE" File: C:/Users/acond/Documents/CS3220/VerilogPipeline/Project.v Line: 167
    Info (308011): Node  "PC_FE[2]" File: C:/Users/acond/Documents/CS3220/VerilogPipeline/Project.v Line: 131
    Info (308011): Node  "inst_FE[0]~DUPLICATE" File: C:/Users/acond/Documents/CS3220/VerilogPipeline/Project.v Line: 167
    Info (308011): Node  "PC_FE[3]" File: C:/Users/acond/Documents/CS3220/VerilogPipeline/Project.v Line: 131
    Info (308011): Node  "PC_FE[6]" File: C:/Users/acond/Documents/CS3220/VerilogPipeline/Project.v Line: 131
    Info (308011): Node  "PC_FE[4]~DUPLICATE" File: C:/Users/acond/Documents/CS3220/VerilogPipeline/Project.v Line: 131
    Info (308011): Node  "PC_FE[5]" File: C:/Users/acond/Documents/CS3220/VerilogPipeline/Project.v Line: 131
    Info (308011): Node  "inst_FE[6]~DUPLICATE" File: C:/Users/acond/Documents/CS3220/VerilogPipeline/Project.v Line: 167
    Info (308011): Node  "aluout_EX[5]" File: C:/Users/acond/Documents/CS3220/VerilogPipeline/Project.v Line: 392
    Info (308011): Node  "immval_ID[13]" File: C:/Users/acond/Documents/CS3220/VerilogPipeline/Project.v Line: 301
    Info (308011): Node  "aluout_EX[7]" File: C:/Users/acond/Documents/CS3220/VerilogPipeline/Project.v Line: 392
    Info (308011): Node  "aluout_EX[13]~DUPLICATE" File: C:/Users/acond/Documents/CS3220/VerilogPipeline/Project.v Line: 392
    Info (308011): Node  "aluout_EX~33" File: C:/Users/acond/Documents/CS3220/VerilogPipeline/Project.v Line: 323
    Info (308011): Node  "aluout_EX[14]" File: C:/Users/acond/Documents/CS3220/VerilogPipeline/Project.v Line: 392
    Info (308011): Node  "aluout_EX[12]" File: C:/Users/acond/Documents/CS3220/VerilogPipeline/Project.v Line: 392
    Info (308011): Node  "aluout_EX[10]" File: C:/Users/acond/Documents/CS3220/VerilogPipeline/Project.v Line: 392
    Info (308011): Node  "aluout_EX[11]" File: C:/Users/acond/Documents/CS3220/VerilogPipeline/Project.v Line: 392
    Info (308011): Node  "aluout_EX[6]" File: C:/Users/acond/Documents/CS3220/VerilogPipeline/Project.v Line: 392
    Info (308011): Node  "aluout_EX[3]" File: C:/Users/acond/Documents/CS3220/VerilogPipeline/Project.v Line: 392
    Info (308011): Node  "aluout_EX[9]" File: C:/Users/acond/Documents/CS3220/VerilogPipeline/Project.v Line: 392
    Info (308011): Node  "aluout_EX[8]" File: C:/Users/acond/Documents/CS3220/VerilogPipeline/Project.v Line: 392
    Info (308011): Node  "aluout_EX[4]" File: C:/Users/acond/Documents/CS3220/VerilogPipeline/Project.v Line: 392
    Info (308002): Truncated list of Design Assistant messages to 30 messages. Go to sections under Design Assistant section of Compilation Report for complete lists of Design Assistant messages generated.
Info (308007): Design Assistant information: finished post-fitting analysis of current design -- generated 178 information messages and 1 warning messages
Info: Quartus Prime Design Assistant was successful. 0 errors, 3 warnings
    Info: Peak virtual memory: 4778 megabytes
    Info: Processing ended: Fri Feb 22 18:45:09 2019
    Info: Elapsed time: 00:00:03
    Info: Total CPU time (on all processors): 00:00:03


